Change Component Designator: OldDesignator=ANT2 NewDesignator=ANT1
Change Component Designator: OldDesignator=C16 NewDesignator=C13
Change Component Designator: OldDesignator=C17 NewDesignator=C14
Change Component Designator: OldDesignator=C18 NewDesignator=C15
Change Component Designator: OldDesignator=C19 NewDesignator=C16
Change Component Designator: OldDesignator=C20 NewDesignator=C17
Change Component Designator: OldDesignator=C21 NewDesignator=C18
Change Component Designator: OldDesignator=C22 NewDesignator=C19
Change Component Designator: OldDesignator=C23 NewDesignator=C20
Change Component Designator: OldDesignator=C24 NewDesignator=C21
Change Component Designator: OldDesignator=C25 NewDesignator=C22
Change Component Designator: OldDesignator=C26 NewDesignator=C23
Change Component Designator: OldDesignator=C27 NewDesignator=C24
Change Component Designator: OldDesignator=C100 NewDesignator=C32
Change Component Designator: OldDesignator=C101 NewDesignator=C33
Change Component Designator: OldDesignator=C102 NewDesignator=C31
Change Component Designator: OldDesignator=C103 NewDesignator=C25
Change Component Designator: OldDesignator=C104 NewDesignator=C26
Change Component Designator: OldDesignator=C105 NewDesignator=C27
Change Component Designator: OldDesignator=C106 NewDesignator=C28
Change Component Designator: OldDesignator=C107 NewDesignator=C30
Change Component Designator: OldDesignator=C108 NewDesignator=C29
Change Component Designator: OldDesignator=CN2 NewDesignator=CN1
Change Component Designator: OldDesignator=D4 NewDesignator=D1
Change Component Designator: OldDesignator=D10 NewDesignator=D2
Change Component Designator: OldDesignator=P8 NewDesignator=P3
Change Component Designator: OldDesignator=P9 NewDesignator=P4
Change Component Designator: OldDesignator=P10 NewDesignator=P5
Change Component Designator: OldDesignator=P11 NewDesignator=P6
Change Component Designator: OldDesignator=P12 NewDesignator=P7
Change Component Designator: OldDesignator=P13 NewDesignator=P8
Change Component Designator: OldDesignator=R4 NewDesignator=R3
Change Component Designator: OldDesignator=R5 NewDesignator=R4
Change Component Designator: OldDesignator=R6 NewDesignator=R5
Change Component Designator: OldDesignator=R8 NewDesignator=R6
Change Component Designator: OldDesignator=R9 NewDesignator=R7
Change Component Designator: OldDesignator=R10 NewDesignator=R8
Change Component Designator: OldDesignator=R11 NewDesignator=R9
Change Component Designator: OldDesignator=R12 NewDesignator=R10
Change Component Designator: OldDesignator=R13 NewDesignator=R11
Change Component Designator: OldDesignator=R14 NewDesignator=R12
Change Component Designator: OldDesignator=R15 NewDesignator=R13
Change Component Designator: OldDesignator=R16 NewDesignator=R14
Change Component Designator: OldDesignator=R17 NewDesignator=R15
Change Component Designator: OldDesignator=R18 NewDesignator=R16
Change Component Designator: OldDesignator=R19 NewDesignator=R17
Change Component Designator: OldDesignator=R20 NewDesignator=R18
Change Component Designator: OldDesignator=R21 NewDesignator=R19
Change Component Designator: OldDesignator=R22 NewDesignator=R20
Change Component Designator: OldDesignator=R23 NewDesignator=R21
Change Component Designator: OldDesignator=R24 NewDesignator=R22
Change Component Designator: OldDesignator=R25 NewDesignator=R23
Change Component Designator: OldDesignator=R26 NewDesignator=R24
Change Component Designator: OldDesignator=R27 NewDesignator=R25
Change Component Designator: OldDesignator=R28 NewDesignator=R26
Change Component Designator: OldDesignator=R100 NewDesignator=R27
Change Component Designator: OldDesignator=U3 NewDesignator=U2
Change Component Designator: OldDesignator=U4 NewDesignator=U3
Change Component Designator: OldDesignator=U5 NewDesignator=U4
Change Component Designator: OldDesignator=U10 NewDesignator=U5
Change Net Name : Old Net Name=NetANT2_1 New Net Name=NetANT1_1
Change Net Name : Old Net Name=NetC18_1 New Net Name=NetC15_1
Change Net Name : Old Net Name=NetC18_2 New Net Name=NetC15_2
Change Net Name : Old Net Name=NetC19_1 New Net Name=NetC16_1
Change Net Name : Old Net Name=NetC19_2 New Net Name=NetC16_2
Change Net Name : Old Net Name=NetC24_1 New Net Name=NetC21_1
Change Net Name : Old Net Name=NetC24_2 New Net Name=NetC21_2
Change Net Name : Old Net Name=NetC100_2 New Net Name=NetC32_2
Change Net Name : Old Net Name=NetD10_2 New Net Name=NetD2_2
Change Net Name : Old Net Name=NetP12_1 New Net Name=NetP7_1
Change Net Name : Old Net Name=NetP12_2 New Net Name=NetP7_2
Change Net Name : Old Net Name=NetR5_1 New Net Name=NetR4_1
Change Net Name : Old Net Name=NetR5_2 New Net Name=NetR4_2
Change Net Name : Old Net Name=NetR6_1 New Net Name=NetR5_1
Change Net Name : Old Net Name=NetR6_2 New Net Name=NetR5_2
Change Net Name : Old Net Name=NetR8_1 New Net Name=NetR6_1
Change Net Name : Old Net Name=NetR9_1 New Net Name=NetR7_1
Change Net Name : Old Net Name=NetR10_1 New Net Name=NetR8_1
Change Net Name : Old Net Name=NetR17_1 New Net Name=NetR15_1
Change Net Name : Old Net Name=NetR18_1 New Net Name=NetR16_1
Change Net Name : Old Net Name=NetR20_2 New Net Name=NetR18_2
Change Net Name : Old Net Name=NetR27_1 New Net Name=NetR25_1
