Removed Pin From Net: NetName=V3.3 Pin=P1-1
Removed Pin From Net: NetName=BOOT0 Pin=P1-2
Removed Pin From Net: NetName=GND Pin=P1-3
Removed Pin From Net: NetName=V3.3 Pin=P2-1
Removed Pin From Net: NetName=BOOT1 Pin=P2-2
Removed Pin From Net: NetName=GND Pin=P2-3
Removed Pin From Net: NetName=V3.3 Pin=P5-3
Removed Pin From Net: NetName=GND Pin=P5-4
Removed Pin From Net: NetName=NetQ3_2 Pin=Q3-1
Removed Pin From Net: NetName=NetP12_2 Pin=Q3-2
Removed Pin From Net: NetName=V3.3 Pin=R3-2
Removed Pin From Net: NetName=GND Pin=U3-9
Removed Pin From Net: NetName=GND Pin=U4-9
Removed Member From Class: ClassName=U_DK_STM32L151 Member=P6
Change Component Footprint: Designator=P2 Old Footprint=HDR1X3 New Footprint=0603
Change Component Footprint: Designator=P1 Old Footprint=HDR1X3 New Footprint=0630
Change Component Footprint: Designator=D2 Old Footprint=LED0603 New Footprint=0603
Change Component Comment : Designator=P1 Old Comment=BOOT0 New Comment=Inductor
Change Component Comment : Designator=P2 Old Comment=BOOT1 New Comment=Res2
Change Component Comment : Designator=D2 Old Comment=LED0 New Comment=Res2
Change Component Designator: OldDesignator=D2 NewDesignator=R4
Change Component Designator: OldDesignator=P1 NewDesignator=L1
Change Component Designator: OldDesignator=P2 NewDesignator=R2
Change Component Designator: OldDesignator=P3 NewDesignator=P1
Change Component Designator: OldDesignator=P4 NewDesignator=P2
Change Component Designator: OldDesignator=P6 NewDesignator=P3
Change Component Designator: OldDesignator=R2 NewDesignator=R3
Change Component Designator: OldDesignator=R4 NewDesignator=R5
Change Component Designator: OldDesignator=R5 NewDesignator=R6
Change component parameters: Designator = "C1"; Footprint = "0603"; UniqueID = "\PLMCARXS\DDBJSLYC"
Change component parameters. Clean all parameters for all variants
Change component parameters (AddParameter): Name = "LatestRevisionDate"; Value = "17-Jul-2002"; VariantName = "[No Variations]"
Change component parameters (AddParameter): Name = "LatestRevisionNote"; Value = "Re-released for DXP Platform."; VariantName = "[No Variations]"
Change component parameters (AddParameter): Name = "PackageDescription"; Value = "Radial Cap, Thru-Hole; 2 Leads; 0.3 in Pin Spacing"; VariantName = "[No Variations]"
Change component parameters (AddParameter): Name = "PackageReference"; Value = "RAD-0.3"; VariantName = "[No Variations]"
Change component parameters (AddParameter): Name = "Published"; Value = "8-Jun-2000"; VariantName = "[No Variations]"
Change component parameters (AddParameter): Name = "Publisher"; Value = "Altium Limited"; VariantName = "[No Variations]"
Change component parameters (AddParameter): Name = "Value"; Value = "20pF"; VariantName = "[No Variations]"
Change component parameters: Designator = "C2"; Footprint = "0603"; UniqueID = "\PLMCARXS\MPMBXQRG"
Change component parameters. Clean all parameters for all variants
Change component parameters (AddParameter): Name = "LatestRevisionDate"; Value = "17-Jul-2002"; VariantName = "[No Variations]"
Change component parameters (AddParameter): Name = "LatestRevisionNote"; Value = "Re-released for DXP Platform."; VariantName = "[No Variations]"
Change component parameters (AddParameter): Name = "PackageDescription"; Value = "Radial Cap, Thru-Hole; 2 Leads; 0.3 in Pin Spacing"; VariantName = "[No Variations]"
Change component parameters (AddParameter): Name = "PackageReference"; Value = "RAD-0.3"; VariantName = "[No Variations]"
Change component parameters (AddParameter): Name = "Published"; Value = "8-Jun-2000"; VariantName = "[No Variations]"
Change component parameters (AddParameter): Name = "Publisher"; Value = "Altium Limited"; VariantName = "[No Variations]"
Change component parameters (AddParameter): Name = "Value"; Value = "20pF"; VariantName = "[No Variations]"
Change component parameters: Designator = "C3"; Footprint = "0603"; UniqueID = "\PLMCARXS\JRHVDXAT"
Change component parameters. Clean all parameters for all variants
Change component parameters (AddParameter): Name = "LatestRevisionDate"; Value = "17-Jul-2002"; VariantName = "[No Variations]"
Change component parameters (AddParameter): Name = "LatestRevisionNote"; Value = "Re-released for DXP Platform."; VariantName = "[No Variations]"
Change component parameters (AddParameter): Name = "PackageDescription"; Value = "Radial Cap, Thru-Hole; 2 Leads; 0.3 in Pin Spacing"; VariantName = "[No Variations]"
Change component parameters (AddParameter): Name = "PackageReference"; Value = "RAD-0.3"; VariantName = "[No Variations]"
Change component parameters (AddParameter): Name = "Published"; Value = "8-Jun-2000"; VariantName = "[No Variations]"
Change component parameters (AddParameter): Name = "Publisher"; Value = "Altium Limited"; VariantName = "[No Variations]"
Change component parameters (AddParameter): Name = "Value"; Value = "6.8pF"; VariantName = "[No Variations]"
Change component parameters: Designator = "C4"; Footprint = "0603"; UniqueID = "\PLMCARXS\YBGFRCCK"
Change component parameters. Clean all parameters for all variants
Change component parameters (AddParameter): Name = "LatestRevisionDate"; Value = "17-Jul-2002"; VariantName = "[No Variations]"
Change component parameters (AddParameter): Name = "LatestRevisionNote"; Value = "Re-released for DXP Platform."; VariantName = "[No Variations]"
Change component parameters (AddParameter): Name = "PackageDescription"; Value = "Radial Cap, Thru-Hole; 2 Leads; 0.3 in Pin Spacing"; VariantName = "[No Variations]"
Change component parameters (AddParameter): Name = "PackageReference"; Value = "RAD-0.3"; VariantName = "[No Variations]"
Change component parameters (AddParameter): Name = "Published"; Value = "8-Jun-2000"; VariantName = "[No Variations]"
Change component parameters (AddParameter): Name = "Publisher"; Value = "Altium Limited"; VariantName = "[No Variations]"
Change component parameters (AddParameter): Name = "Value"; Value = "6.8pF"; VariantName = "[No Variations]"
Change component parameters: Designator = "C10"; Footprint = "0603"; UniqueID = "\PLMCARXS\UDHYVXBQ"
Change component parameters. Clean all parameters for all variants
Change component parameters (AddParameter): Name = "LatestRevisionDate"; Value = "17-Jul-2002"; VariantName = "[No Variations]"
Change component parameters (AddParameter): Name = "LatestRevisionNote"; Value = "Re-released for DXP Platform."; VariantName = "[No Variations]"
Change component parameters (AddParameter): Name = "PackageDescription"; Value = "Radial Cap, Thru-Hole; 2 Leads; 0.3 in Pin Spacing"; VariantName = "[No Variations]"
Change component parameters (AddParameter): Name = "PackageReference"; Value = "RAD-0.3"; VariantName = "[No Variations]"
Change component parameters (AddParameter): Name = "Published"; Value = "8-Jun-2000"; VariantName = "[No Variations]"
Change component parameters (AddParameter): Name = "Publisher"; Value = "Altium Limited"; VariantName = "[No Variations]"
Change component parameters (AddParameter): Name = "Value"; Value = "100nF"; VariantName = "[No Variations]"
Change component parameters: Designator = "C11"; Footprint = "0603"; UniqueID = "\PLMCARXS\USSNHNWM"
Change component parameters. Clean all parameters for all variants
Change component parameters (AddParameter): Name = "LatestRevisionDate"; Value = "17-Jul-2002"; VariantName = "[No Variations]"
Change component parameters (AddParameter): Name = "LatestRevisionNote"; Value = "Re-released for DXP Platform."; VariantName = "[No Variations]"
Change component parameters (AddParameter): Name = "PackageDescription"; Value = "Radial Cap, Thru-Hole; 2 Leads; 0.3 in Pin Spacing"; VariantName = "[No Variations]"
Change component parameters (AddParameter): Name = "PackageReference"; Value = "RAD-0.3"; VariantName = "[No Variations]"
Change component parameters (AddParameter): Name = "Published"; Value = "8-Jun-2000"; VariantName = "[No Variations]"
Change component parameters (AddParameter): Name = "Publisher"; Value = "Altium Limited"; VariantName = "[No Variations]"
Change component parameters (AddParameter): Name = "Value"; Value = "10uF"; VariantName = "[No Variations]"
Change component parameters: Designator = "C105"; Footprint = "0603"; UniqueID = "\XWAOEHHA\QXXFWVJG"
Change component parameters. Clean all parameters for all variants
Change component parameters (AddParameter): Name = "LatestRevisionDate"; Value = "17-Jul-2002"; VariantName = "[No Variations]"
Change component parameters (AddParameter): Name = "LatestRevisionNote"; Value = "Re-released for DXP Platform."; VariantName = "[No Variations]"
Change component parameters (AddParameter): Name = "PackageDescription"; Value = "Radial Cap, Thru-Hole; 2 Leads; 0.3 in Pin Spacing"; VariantName = "[No Variations]"
Change component parameters (AddParameter): Name = "PackageReference"; Value = "RAD-0.3"; VariantName = "[No Variations]"
Change component parameters (AddParameter): Name = "Published"; Value = "8-Jun-2000"; VariantName = "[No Variations]"
Change component parameters (AddParameter): Name = "Publisher"; Value = "Altium Limited"; VariantName = "[No Variations]"
Change component parameters (AddParameter): Name = "Value"; Value = "100nF/50V"; VariantName = "[No Variations]"
Change component parameters: Designator = "R2"; Footprint = "0603"; UniqueID = "\PLMCARXS\MRMUDJXM"
Change component parameters. Clean all parameters for all variants
Change component parameters (AddParameter): Name = "LatestRevisionDate"; Value = "17-Jul-2002"; VariantName = "[No Variations]"
Change component parameters (AddParameter): Name = "LatestRevisionNote"; Value = "Re-released for DXP Platform."; VariantName = "[No Variations]"
Change component parameters (AddParameter): Name = "PackageDescription"; Value = "Axial Device, Thru-Hole; 2 Leads; 0.4 in Pin Spacing"; VariantName = "[No Variations]"
Change component parameters (AddParameter): Name = "PackageReference"; Value = "AXIAL-0.4"; VariantName = "[No Variations]"
Change component parameters (AddParameter): Name = "Published"; Value = "8-Jun-2000"; VariantName = "[No Variations]"
Change component parameters (AddParameter): Name = "Publisher"; Value = "Altium Limited"; VariantName = "[No Variations]"
Change component parameters (AddParameter): Name = "Value"; Value = "10K"; VariantName = "[No Variations]"
Change component parameters: Designator = "R4"; Footprint = "0603"; UniqueID = "\PLMCARXS\RXJYRPIH"
Change component parameters. Clean all parameters for all variants
Change component parameters (AddParameter): Name = "LatestRevisionDate"; Value = "17-Jul-2002"; VariantName = "[No Variations]"
Change component parameters (AddParameter): Name = "LatestRevisionNote"; Value = "Re-released for DXP Platform."; VariantName = "[No Variations]"
Change component parameters (AddParameter): Name = "PackageDescription"; Value = "Axial Device, Thru-Hole; 2 Leads; 0.4 in Pin Spacing"; VariantName = "[No Variations]"
Change component parameters (AddParameter): Name = "PackageReference"; Value = "AXIAL-0.4"; VariantName = "[No Variations]"
Change component parameters (AddParameter): Name = "Published"; Value = "8-Jun-2000"; VariantName = "[No Variations]"
Change component parameters (AddParameter): Name = "Publisher"; Value = "Altium Limited"; VariantName = "[No Variations]"
Change component parameters (AddParameter): Name = "Value"; Value = "10K"; VariantName = "[No Variations]"
Change component parameters: Designator = "L1"; Footprint = "0630"; UniqueID = "\RWVTRMWF\TBLASJPV"
Change component parameters. Clean all parameters for all variants
Change component parameters (AddParameter): Name = "Code_IEC"; Value = "1005"; VariantName = "[No Variations]"
Change component parameters (AddParameter): Name = "Code_JEITA"; Value = "0402"; VariantName = "[No Variations]"
Change component parameters (AddParameter): Name = "LatestRevisionDate"; Value = "29-May-2009"; VariantName = "[No Variations]"
Change component parameters (AddParameter): Name = "LatestRevisionNote"; Value = "IPC-7351 Footprint Added."; VariantName = "[No Variations]"
Change component parameters (AddParameter): Name = "PackageDescription"; Value = "Chip Inductor"; VariantName = "[No Variations]"
Change component parameters (AddParameter): Name = "PackageReference"; Value = "0402-A"; VariantName = "[No Variations]"
Change component parameters (AddParameter): Name = "Published"; Value = "8-Jun-2000"; VariantName = "[No Variations]"
Change component parameters (AddParameter): Name = "Publisher"; Value = "Altium Limited"; VariantName = "[No Variations]"
Change component parameters (AddParameter): Name = "Value"; Value = "22uH"; VariantName = "[No Variations]"
Added Pin To Net: NetName=NetL1_1 Pin=L1-1
Added Pin To Net: NetName=V3.3 Pin=L1-2
Added Pin To Net: NetName=NetP12_2 Pin=Q3-1
Added Pin To Net: NetName=NetQ3_2 Pin=Q3-2
Added Pin To Net: NetName=GND Pin=R2-1
Added Pin To Net: NetName=BOOT0 Pin=R2-2
Added Pin To Net: NetName=GND Pin=R4-1
Added Pin To Net: NetName=BOOT1 Pin=R4-2
Change Net Name : Old Net Name=NetR4_1 New Net Name=NetR5_1
Change Net Name : Old Net Name=NetR4_2 New Net Name=NetR5_2
Change Net Name : Old Net Name=NetR5_1 New Net Name=NetR6_1
Change Net Name : Old Net Name=NetR5_2 New Net Name=NetR6_2
Added Member To Class: ClassName=U_DK_STM32L151 Member=Component C11 Cap
Added Member To Class: ClassName=U_DK_POWER Member=Component D4 Diode
Added Member To Class: ClassName=U_DK_POWER Member=Component L1 Inductor
Added Member To Class: ClassName=U_DK_POWER Member=Component P8 BATT
Added Member To Class: ClassName=U_DK_MOTO Member=Component Q3 NPN
Change Room Name: Old Name=POWER3.3V New Name=U_DK_POWER
Change Room Scope: Old Scope=InComponent('U3') New Scope=InComponentClass('U_DK_POWER')
Added Room: Name=U_DK_GU600E_V10
Added Room: Name=U_DK_MOTO
Added Room: Name=U_DK_STM32L151
