Remove Pin=CN1-C2 From Net=SIM_RST
Remove Pin=CN1-C3 From Net=SIM_CLK
Remove Pin=CN1-C6 From Net=SIM_VCC
Remove Pin=CN1-C7 From Net=SIM_DATA
Remove Pin=D1-2 From Net=LED0
Remove Pin=D2-2 From Net=LED1
Remove Pin=P1-2 From Net=BOOT0
Remove Pin=P2-2 From Net=BOOT1
Remove Pin=P3-1 From Net=SWCLK
Remove Pin=P3-2 From Net=SWDIO
Remove Pin=P4-1 From Net=MCU_RX1
Remove Pin=P4-2 From Net=MCU_TX1
Remove Pin=P5-1 From Net=TX3
Remove Pin=P5-2 From Net=RX3
Remove Pin=P6-1 From Net=PC0
Remove Pin=P6-2 From Net=PA13
Remove Pin=P6-3 From Net=PA0
Remove Pin=P7-1 From Net=GPRS_TX2
Remove Pin=P7-2 From Net=GPRS_RX2
Remove Pin=P9-1 From Net=MOTOR1
Remove Pin=P9-2 From Net=MOTOR2
Remove Pin=R13-2 From Net=GPRS_PWR
Remove Pin=SW2-3 From Net=PC2
Remove Pin=SW2-4 From Net=PC1
Remove Pin=U1A-3 From Net=OSC32_IN
Remove Pin=U1A-4 From Net=OCS32_OUT
Remove Pin=U1A-5 From Net=OSC_IN
Remove Pin=U1A-6 From Net=OCS_OUT
Remove Pin=U1A-7 From Net=RESET
Remove Pin=U1A-8 From Net=PC0
Remove Pin=U1A-9 From Net=PC1
Remove Pin=U1A-10 From Net=PC2
Remove Pin=U1A-14 From Net=PA0
Remove Pin=U1A-28 From Net=BOOT1
Remove Pin=U1A-42 From Net=MCU_TX1
Remove Pin=U1A-43 From Net=MCU_RX1
Remove Pin=U1A-46 From Net=PA13
Remove Pin=U1A-51 From Net=TX3
Remove Pin=U1A-52 From Net=RX3
Remove Pin=U1A-60 From Net=BOOT0
Remove Pin=U1A-61 From Net=LED0
Remove Pin=U1A-62 From Net=LED1
Remove Pin=U2-7 From Net=SIM_VCC
Remove Pin=U2-8 From Net=SIM_RST
Remove Pin=U2-9 From Net=SIM_CLK
Remove Pin=U2-10 From Net=SIM_DATA
Remove Pin=U2-18 From Net=GSM_GPRS
Remove Pin=U2-29 From Net=GPRS_RX2
Remove Pin=U2-30 From Net=GPRS_TX2
Remove Pin=U5-8 From Net=MOTOR2
Remove Pin=U5-9 From Net=MOTOR1
