Removed Pin From Net: NetName=GND Pin=Q1-2
Removed Pin From Net: NetName=NetQ1_2 Pin=Q1-3
Removed Pin From Net: NetName=NetC18_1 Pin=Q2-2
Removed Pin From Net: NetName=V3.8 Pin=Q2-3
Removed Pin From Net: NetName=NetQ3_2 Pin=Q3-1
Removed Pin From Net: NetName=GND Pin=Q3-2
Removed Pin From Net: NetName=NetP12_2 Pin=Q3-3
Removed Pin From Net: NetName=NetR7_2 Pin=U1-49
Removed Pin From Net: NetName=GND Pin=U4-9
Change component parameters: Designator = "C4"; Footprint = "0603"; UniqueID = "\PLMCARXS\YBGFRCCK"
Change component parameters. Clean all parameters for all variants
Change component parameters (AddParameter): Name = "LatestRevisionDate"; Value = "17-Jul-2002"; VariantName = "[No Variations]"
Change component parameters (AddParameter): Name = "LatestRevisionNote"; Value = "Re-released for DXP Platform."; VariantName = "[No Variations]"
Change component parameters (AddParameter): Name = "PackageDescription"; Value = "Radial Cap, Thru-Hole; 2 Leads; 0.3 in Pin Spacing"; VariantName = "[No Variations]"
Change component parameters (AddParameter): Name = "PackageReference"; Value = "RAD-0.3"; VariantName = "[No Variations]"
Change component parameters (AddParameter): Name = "Published"; Value = "8-Jun-2000"; VariantName = "[No Variations]"
Change component parameters (AddParameter): Name = "Publisher"; Value = "Altium Limited"; VariantName = "[No Variations]"
Change component parameters (AddParameter): Name = "Value"; Value = "10pF"; VariantName = "[No Variations]"
Added Pin To Net: NetName=NetQ1_2 Pin=Q1-2
Added Pin To Net: NetName=GND Pin=Q1-3
Added Pin To Net: NetName=V3.8 Pin=Q2-2
Added Pin To Net: NetName=NetC18_1 Pin=Q2-3
Added Pin To Net: NetName=NetP12_2 Pin=Q3-1
Added Pin To Net: NetName=NetQ3_2 Pin=Q3-2
Added Pin To Net: NetName=GND Pin=Q3-3
Added Pin To Net: NetName=NetR7_2 Pin=U1-44
Added Pin To Net: NetName=SWDIO Pin=U1-46
Added Pin To Net: NetName=SWCLK Pin=U1-49
Added Member To Class: ClassName=U_DK_STM32L151 Member=Component C4 Cap
Added Room: Name=GPRS
Added Room: Name=U_DK_MOTO
Added Room: Name=U_DK_POWER
Added Room: Name=U_DK_STM32L151
